RentalMobil/app/build/intermediates/manifest_merge_blame_file/debug/manifest-merger-blame-debug-report.txt
1<?xml version="1.0" encoding="utf-8"?>
2<manifest xmlns:android="http://schemas.android.com/apk/res/android"
3    package="com.azhar.rentalmobil"
4    android:versionCode="1"
5    android:versionName="1.0" >
6
7    <uses-sdk
8        android:minSdkVersion="21"
8-->src\main\AndroidManifest.xml
9        android:targetSdkVersion="29" />
9-->src\main\AndroidManifest.xml
10
11    <application
11-->src\main\AndroidManifest.xml:5:5-24:19
12        android:allowBackup="true"
12-->src\main\AndroidManifest.xml:6:9-35
13        android:appComponentFactory="androidx.core.app.CoreComponentFactory"
13-->[androidx.core:core:1.1.0] AndroidManifest.xml:24:18-86
14        android:debuggable="true"
15        android:icon="@mipmap/ic_launcher"
15-->src\main\AndroidManifest.xml:7:9-43
16        android:label="@string/app_name"
16-->src\main\AndroidManifest.xml:8:9-41
17        android:roundIcon="@mipmap/ic_launcher_round"
17-->src\main\AndroidManifest.xml:9:9-54
18        android:supportsRtl="true"
18-->src\main\AndroidManifest.xml:10:9-35
19        android:theme="@style/AppTheme" >
19-->src\main\AndroidManifest.xml:11:9-40
20        <activity
20-->src\main\AndroidManifest.xml:12:9-17:20
21            android:name="com.shafaseyo.bikesrents.activity.SplashActivity"
21-->src\main\AndroidManifest.xml:12:19-58
22            android:theme="@style/AppTheme" >
22-->src\main\AndroidManifest.xml:12:59-90
23            <intent-filter>
23-->src\main\AndroidManifest.xml:13:13-16:29
24                <action android:name="android.intent.action.MAIN" />
24-->src\main\AndroidManifest.xml:14:17-69
24-->src\main\AndroidManifest.xml:14:25-66
25
26                <category android:name="android.intent.category.LAUNCHER" />
26-->src\main\AndroidManifest.xml:15:17-77
26-->src\main\AndroidManifest.xml:15:27-74
27            </intent-filter>
28        </activity>
29        <activity android:name="com.shafaseyo.bikesrents.activity.MainActivity" />
29-->src\main\AndroidManifest.xml:18:9-82
29-->src\main\AndroidManifest.xml:18:19-80
30        <activity android:name="com.shafaseyo.bikesrents.activity.DaftarSepedaActivity" />
30-->src\main\AndroidManifest.xml:19:9-91
30-->src\main\AndroidManifest.xml:19:19-88
31        <activity android:name="com.shafaseyo.bikesrents.activity.PenyewaActivity" />
31-->src\main\AndroidManifest.xml:20:9-86
31-->src\main\AndroidManifest.xml:20:19-83
32        <activity android:name="com.shafaseyo.bikesrents.activity.SewaSepedaActivity" />
32-->src\main\AndroidManifest.xml:21:9-89
32-->src\main\AndroidManifest.xml:21:19-86
33        <activity android:name="com.shafaseyo.bikesrents.activity.DetailSepedaActivity" />
33-->src\main\AndroidManifest.xml:22:9-91
33-->src\main\AndroidManifest.xml:22:19-88
34        <activity android:name="com.shafaseyo.bikesrents.activity.DetailPenyewaActivity" />
34-->src\main\AndroidManifest.xml:23:9-92
34-->src\main\AndroidManifest.xml:23:19-89
35    </application>
36
37</manifest>